2025-03-23T00:28:50.230+05:30  INFO 15984 --- [Expense-tracker] [main] com.app.ExpenseTrackerApplication        : Starting ExpenseTrackerApplication using Java 17.0.9 with PID 15984 (C:\Users\Harsh\git\Expense-trackers\Expense-tracker\target\classes started by Harsh in C:\Users\Harsh\git\Expense-trackers\Expense-tracker)
2025-03-23T00:28:50.234+05:30  INFO 15984 --- [Expense-tracker] [main] com.app.ExpenseTrackerApplication        : No active profile set, falling back to 1 default profile: "default"
2025-03-23T00:28:51.530+05:30  INFO 15984 --- [Expense-tracker] [main] .s.d.r.c.RepositoryConfigurationDelegate : Bootstrapping Spring Data JPA repositories in DEFAULT mode.
2025-03-23T00:28:51.624+05:30  INFO 15984 --- [Expense-tracker] [main] .s.d.r.c.RepositoryConfigurationDelegate : Finished Spring Data repository scanning in 77 ms. Found 1 JPA repository interface.
2025-03-23T00:28:52.568+05:30  INFO 15984 --- [Expense-tracker] [main] o.s.b.w.embedded.tomcat.TomcatWebServer  : Tomcat initialized with port 8080 (http)
2025-03-23T00:28:52.596+05:30  INFO 15984 --- [Expense-tracker] [main] o.apache.catalina.core.StandardService   : Starting service [Tomcat]
2025-03-23T00:28:52.597+05:30  INFO 15984 --- [Expense-tracker] [main] o.apache.catalina.core.StandardEngine    : Starting Servlet engine: [Apache Tomcat/10.1.36]
2025-03-23T00:28:52.738+05:30  INFO 15984 --- [Expense-tracker] [main] o.a.c.c.C.[Tomcat].[localhost].[/]       : Initializing Spring embedded WebApplicationContext
2025-03-23T00:28:52.740+05:30  INFO 15984 --- [Expense-tracker] [main] w.s.c.ServletWebServerApplicationContext : Root WebApplicationContext: initialization completed in 2389 ms
2025-03-23T00:28:53.006+05:30  INFO 15984 --- [Expense-tracker] [main] o.hibernate.jpa.internal.util.LogHelper  : HHH000204: Processing PersistenceUnitInfo [name: default]
2025-03-23T00:28:53.102+05:30  INFO 15984 --- [Expense-tracker] [main] org.hibernate.Version                    : HHH000412: Hibernate ORM core version 6.6.8.Final
2025-03-23T00:28:53.158+05:30  INFO 15984 --- [Expense-tracker] [main] o.h.c.internal.RegionFactoryInitiator    : HHH000026: Second-level cache disabled
2025-03-23T00:28:53.543+05:30  INFO 15984 --- [Expense-tracker] [main] o.s.o.j.p.SpringPersistenceUnitInfo      : No LoadTimeWeaver setup: ignoring JPA class transformer
2025-03-23T00:28:53.592+05:30  INFO 15984 --- [Expense-tracker] [main] com.zaxxer.hikari.HikariDataSource       : HikariPool-1 - Starting...
2025-03-23T00:28:54.047+05:30  INFO 15984 --- [Expense-tracker] [main] com.zaxxer.hikari.pool.HikariPool        : HikariPool-1 - Added connection com.mysql.cj.jdbc.ConnectionImpl@eb91027
2025-03-23T00:28:54.049+05:30  INFO 15984 --- [Expense-tracker] [main] com.zaxxer.hikari.HikariDataSource       : HikariPool-1 - Start completed.
2025-03-23T00:28:54.129+05:30  WARN 15984 --- [Expense-tracker] [main] org.hibernate.orm.deprecation            : HHH90000025: MySQL8Dialect does not need to be specified explicitly using 'hibernate.dialect' (remove the property setting and it will be selected by default)
2025-03-23T00:28:54.131+05:30  WARN 15984 --- [Expense-tracker] [main] org.hibernate.orm.deprecation            : HHH90000026: MySQL8Dialect has been deprecated; use org.hibernate.dialect.MySQLDialect instead
2025-03-23T00:28:54.170+05:30  INFO 15984 --- [Expense-tracker] [main] org.hibernate.orm.connections.pooling    : HHH10001005: Database info:
	Database JDBC URL [Connecting through datasource 'HikariDataSource (HikariPool-1)']
	Database driver: undefined/unknown
	Database version: 8.0
	Autocommit mode: undefined/unknown
	Isolation level: undefined/unknown
	Minimum pool size: undefined/unknown
	Maximum pool size: undefined/unknown
2025-03-23T00:28:55.846+05:30  INFO 15984 --- [Expense-tracker] [main] o.h.e.t.j.p.i.JtaPlatformInitiator       : HHH000489: No JTA platform available (set 'hibernate.transaction.jta.platform' to enable JTA platform integration)
2025-03-23T00:28:55.960+05:30  INFO 15984 --- [Expense-tracker] [main] j.LocalContainerEntityManagerFactoryBean : Initialized JPA EntityManagerFactory for persistence unit 'default'
2025-03-23T00:28:56.706+05:30  WARN 15984 --- [Expense-tracker] [main] JpaBaseConfiguration$JpaWebConfiguration : spring.jpa.open-in-view is enabled by default. Therefore, database queries may be performed during view rendering. Explicitly configure spring.jpa.open-in-view to disable this warning
2025-03-23T00:28:57.615+05:30  INFO 15984 --- [Expense-tracker] [main] o.s.b.w.embedded.tomcat.TomcatWebServer  : Tomcat started on port 8080 (http) with context path '/'
2025-03-23T00:28:57.653+05:30  INFO 15984 --- [Expense-tracker] [main] com.app.ExpenseTrackerApplication        : Started ExpenseTrackerApplication in 8.678 seconds (process running for 10.077)
2025-03-23T00:30:01.282+05:30  INFO 15984 --- [Expense-tracker] [http-nio-8080-exec-2] o.a.c.c.C.[Tomcat].[localhost].[/]       : Initializing Spring DispatcherServlet 'dispatcherServlet'
2025-03-23T00:30:01.284+05:30  INFO 15984 --- [Expense-tracker] [http-nio-8080-exec-2] o.s.web.servlet.DispatcherServlet        : Initializing Servlet 'dispatcherServlet'
2025-03-23T00:30:01.291+05:30  INFO 15984 --- [Expense-tracker] [http-nio-8080-exec-2] o.s.web.servlet.DispatcherServlet        : Completed initialization in 6 ms
2025-03-23T00:31:26.180+05:30  INFO 15984 --- [Expense-tracker] [RMI TCP Connection(5)-127.0.0.1] inMXBeanRegistrar$SpringApplicationAdmin : Application shutdown requested.
2025-03-23T00:31:26.187+05:30  INFO 15984 --- [Expense-tracker] [RMI TCP Connection(5)-127.0.0.1] o.s.b.w.e.tomcat.GracefulShutdown        : Commencing graceful shutdown. Waiting for active requests to complete
2025-03-23T00:31:26.314+05:30  INFO 15984 --- [Expense-tracker] [tomcat-shutdown] o.s.b.w.e.tomcat.GracefulShutdown        : Graceful shutdown complete
2025-03-23T00:31:26.321+05:30  INFO 15984 --- [Expense-tracker] [RMI TCP Connection(5)-127.0.0.1] j.LocalContainerEntityManagerFactoryBean : Closing JPA EntityManagerFactory for persistence unit 'default'
2025-03-23T00:31:26.325+05:30  INFO 15984 --- [Expense-tracker] [RMI TCP Connection(5)-127.0.0.1] com.zaxxer.hikari.HikariDataSource       : HikariPool-1 - Shutdown initiated...
2025-03-23T00:31:26.345+05:30  INFO 15984 --- [Expense-tracker] [RMI TCP Connection(5)-127.0.0.1] com.zaxxer.hikari.HikariDataSource       : HikariPool-1 - Shutdown completed.
2025-03-23T00:31:35.483+05:30  INFO 9652 --- [Expense-tracker] [main] com.app.ExpenseTrackerApplication        : Starting ExpenseTrackerApplication using Java 17.0.9 with PID 9652 (C:\Users\Harsh\git\Expense-trackers\Expense-tracker\target\classes started by Harsh in C:\Users\Harsh\git\Expense-trackers\Expense-tracker)
2025-03-23T00:31:35.490+05:30  INFO 9652 --- [Expense-tracker] [main] com.app.ExpenseTrackerApplication        : No active profile set, falling back to 1 default profile: "default"
2025-03-23T00:31:36.747+05:30  INFO 9652 --- [Expense-tracker] [main] .s.d.r.c.RepositoryConfigurationDelegate : Bootstrapping Spring Data JPA repositories in DEFAULT mode.
2025-03-23T00:31:36.866+05:30  INFO 9652 --- [Expense-tracker] [main] .s.d.r.c.RepositoryConfigurationDelegate : Finished Spring Data repository scanning in 103 ms. Found 1 JPA repository interface.
2025-03-23T00:31:37.664+05:30  INFO 9652 --- [Expense-tracker] [main] o.s.b.w.embedded.tomcat.TomcatWebServer  : Tomcat initialized with port 8080 (http)
2025-03-23T00:31:37.710+05:30  INFO 9652 --- [Expense-tracker] [main] o.apache.catalina.core.StandardService   : Starting service [Tomcat]
2025-03-23T00:31:37.710+05:30  INFO 9652 --- [Expense-tracker] [main] o.apache.catalina.core.StandardEngine    : Starting Servlet engine: [Apache Tomcat/10.1.36]
2025-03-23T00:31:37.836+05:30  INFO 9652 --- [Expense-tracker] [main] o.a.c.c.C.[Tomcat].[localhost].[/]       : Initializing Spring embedded WebApplicationContext
2025-03-23T00:31:37.837+05:30  INFO 9652 --- [Expense-tracker] [main] w.s.c.ServletWebServerApplicationContext : Root WebApplicationContext: initialization completed in 2206 ms
2025-03-23T00:31:38.144+05:30  INFO 9652 --- [Expense-tracker] [main] o.hibernate.jpa.internal.util.LogHelper  : HHH000204: Processing PersistenceUnitInfo [name: default]
2025-03-23T00:31:38.279+05:30  INFO 9652 --- [Expense-tracker] [main] org.hibernate.Version                    : HHH000412: Hibernate ORM core version 6.6.8.Final
2025-03-23T00:31:38.359+05:30  INFO 9652 --- [Expense-tracker] [main] o.h.c.internal.RegionFactoryInitiator    : HHH000026: Second-level cache disabled
2025-03-23T00:31:38.995+05:30  INFO 9652 --- [Expense-tracker] [main] o.s.o.j.p.SpringPersistenceUnitInfo      : No LoadTimeWeaver setup: ignoring JPA class transformer
2025-03-23T00:31:39.051+05:30  INFO 9652 --- [Expense-tracker] [main] com.zaxxer.hikari.HikariDataSource       : HikariPool-1 - Starting...
2025-03-23T00:31:39.511+05:30  INFO 9652 --- [Expense-tracker] [main] com.zaxxer.hikari.pool.HikariPool        : HikariPool-1 - Added connection com.mysql.cj.jdbc.ConnectionImpl@7a30e30b
2025-03-23T00:31:39.515+05:30  INFO 9652 --- [Expense-tracker] [main] com.zaxxer.hikari.HikariDataSource       : HikariPool-1 - Start completed.
2025-03-23T00:31:39.612+05:30  WARN 9652 --- [Expense-tracker] [main] org.hibernate.orm.deprecation            : HHH90000025: MySQL8Dialect does not need to be specified explicitly using 'hibernate.dialect' (remove the property setting and it will be selected by default)
2025-03-23T00:31:39.614+05:30  WARN 9652 --- [Expense-tracker] [main] org.hibernate.orm.deprecation            : HHH90000026: MySQL8Dialect has been deprecated; use org.hibernate.dialect.MySQLDialect instead
2025-03-23T00:31:39.673+05:30  INFO 9652 --- [Expense-tracker] [main] org.hibernate.orm.connections.pooling    : HHH10001005: Database info:
	Database JDBC URL [Connecting through datasource 'HikariDataSource (HikariPool-1)']
	Database driver: undefined/unknown
	Database version: 8.0
	Autocommit mode: undefined/unknown
	Isolation level: undefined/unknown
	Minimum pool size: undefined/unknown
	Maximum pool size: undefined/unknown
2025-03-23T00:31:41.211+05:30  INFO 9652 --- [Expense-tracker] [main] o.h.e.t.j.p.i.JtaPlatformInitiator       : HHH000489: No JTA platform available (set 'hibernate.transaction.jta.platform' to enable JTA platform integration)
2025-03-23T00:31:41.295+05:30  INFO 9652 --- [Expense-tracker] [main] j.LocalContainerEntityManagerFactoryBean : Initialized JPA EntityManagerFactory for persistence unit 'default'
2025-03-23T00:31:41.755+05:30  WARN 9652 --- [Expense-tracker] [main] JpaBaseConfiguration$JpaWebConfiguration : spring.jpa.open-in-view is enabled by default. Therefore, database queries may be performed during view rendering. Explicitly configure spring.jpa.open-in-view to disable this warning
2025-03-23T00:31:42.299+05:30  INFO 9652 --- [Expense-tracker] [main] o.s.b.w.embedded.tomcat.TomcatWebServer  : Tomcat started on port 8080 (http) with context path '/'
2025-03-23T00:31:42.317+05:30  INFO 9652 --- [Expense-tracker] [main] com.app.ExpenseTrackerApplication        : Started ExpenseTrackerApplication in 7.746 seconds (process running for 9.684)
2025-03-23T00:31:50.400+05:30  INFO 9652 --- [Expense-tracker] [http-nio-8080-exec-1] o.a.c.c.C.[Tomcat].[localhost].[/]       : Initializing Spring DispatcherServlet 'dispatcherServlet'
2025-03-23T00:31:50.402+05:30  INFO 9652 --- [Expense-tracker] [http-nio-8080-exec-1] o.s.web.servlet.DispatcherServlet        : Initializing Servlet 'dispatcherServlet'
2025-03-23T00:31:50.408+05:30  INFO 9652 --- [Expense-tracker] [http-nio-8080-exec-1] o.s.web.servlet.DispatcherServlet        : Completed initialization in 4 ms
2025-03-23T00:31:51.192+05:30  INFO 9652 --- [Expense-tracker] [http-nio-8080-exec-1] com.app.service.UserServiceImpl          : In addUser method
